{"C:\\Users\\offic\\OneDrive\\Documents\\AutoExpress\\auto-express-pro\\src\\pages\\AdminPanel.jsx": {"path":"C:\\Users\\offic\\OneDrive\\Documents\\AutoExpress\\auto-express-pro\\src\\pages\\AdminPanel.jsx","statementMap":{"0":{"start":{"line":39,"column":15},"end":{"line":51,"column":null}},"1":{"start":{"line":65,"column":19},"end":{"line":421,"column":null}},"2":{"start":{"line":67,"column":22},"end":{"line":67,"column":null}},"3":{"start":{"line":68,"column":30},"end":{"line":68,"column":null}},"4":{"start":{"line":69,"column":34},"end":{"line":69,"column":null}},"5":{"start":{"line":77,"column":38},"end":{"line":77,"column":null}},"6":{"start":{"line":83,"column":38},"end":{"line":83,"column":null}},"7":{"start":{"line":85,"column":73},"end":{"line":87,"column":null}},"8":{"start":{"line":92,"column":20},"end":{"line":94,"column":null}},"9":{"start":{"line":93,"column":4},"end":{"line":93,"column":null}},"10":{"start":{"line":93,"column":56},"end":{"line":93,"column":73}},"11":{"start":{"line":96,"column":2},"end":{"line":96,"column":null}},"12":{"start":{"line":96,"column":20},"end":{"line":96,"column":33}},"13":{"start":{"line":99,"column":21},"end":{"line":99,"column":null}},"14":{"start":{"line":99,"column":47},"end":{"line":99,"column":72}},"15":{"start":{"line":100,"column":22},"end":{"line":100,"column":null}},"16":{"start":{"line":100,"column":41},"end":{"line":100,"column":53}},"17":{"start":{"line":106,"column":25},"end":{"line":108,"column":null}},"18":{"start":{"line":107,"column":4},"end":{"line":107,"column":null}},"19":{"start":{"line":115,"column":25},"end":{"line":121,"column":null}},"20":{"start":{"line":116,"column":4},"end":{"line":120,"column":null}},"21":{"start":{"line":117,"column":6},"end":{"line":117,"column":null}},"22":{"start":{"line":119,"column":6},"end":{"line":119,"column":null}},"23":{"start":{"line":126,"column":30},"end":{"line":134,"column":null}},"24":{"start":{"line":127,"column":4},"end":{"line":131,"column":null}},"25":{"start":{"line":128,"column":6},"end":{"line":128,"column":null}},"26":{"start":{"line":129,"column":4},"end":{"line":131,"column":null}},"27":{"start":{"line":130,"column":6},"end":{"line":130,"column":null}},"28":{"start":{"line":132,"column":4},"end":{"line":132,"column":null}},"29":{"start":{"line":133,"column":4},"end":{"line":133,"column":null}},"30":{"start":{"line":140,"column":24},"end":{"line":145,"column":null}},"31":{"start":{"line":141,"column":4},"end":{"line":143,"column":null}},"32":{"start":{"line":144,"column":4},"end":{"line":144,"column":null}},"33":{"start":{"line":151,"column":21},"end":{"line":168,"column":null}},"34":{"start":{"line":152,"column":4},"end":{"line":152,"column":null}},"35":{"start":{"line":153,"column":4},"end":{"line":153,"column":null}},"36":{"start":{"line":155,"column":4},"end":{"line":155,"column":null}},"37":{"start":{"line":156,"column":4},"end":{"line":156,"column":null}},"38":{"start":{"line":157,"column":4},"end":{"line":157,"column":null}},"39":{"start":{"line":158,"column":4},"end":{"line":158,"column":null}},"40":{"start":{"line":159,"column":4},"end":{"line":159,"column":null}},"41":{"start":{"line":160,"column":4},"end":{"line":160,"column":null}},"42":{"start":{"line":161,"column":4},"end":{"line":161,"column":null}},"43":{"start":{"line":162,"column":4},"end":{"line":162,"column":null}},"44":{"start":{"line":164,"column":20},"end":{"line":164,"column":null}},"45":{"start":{"line":165,"column":4},"end":{"line":165,"column":null}},"46":{"start":{"line":166,"column":4},"end":{"line":166,"column":null}},"47":{"start":{"line":167,"column":4},"end":{"line":167,"column":null}},"48":{"start":{"line":176,"column":19},"end":{"line":207,"column":null}},"49":{"start":{"line":177,"column":20},"end":{"line":188,"column":null}},"50":{"start":{"line":190,"column":4},"end":{"line":196,"column":null}},"51":{"start":{"line":191,"column":6},"end":{"line":191,"column":null}},"52":{"start":{"line":192,"column":6},"end":{"line":192,"column":null}},"53":{"start":{"line":194,"column":6},"end":{"line":194,"column":null}},"54":{"start":{"line":195,"column":6},"end":{"line":195,"column":null}},"55":{"start":{"line":198,"column":4},"end":{"line":198,"column":null}},"56":{"start":{"line":199,"column":4},"end":{"line":199,"column":null}},"57":{"start":{"line":200,"column":4},"end":{"line":200,"column":null}},"58":{"start":{"line":201,"column":4},"end":{"line":201,"column":null}},"59":{"start":{"line":204,"column":4},"end":{"line":206,"column":null}},"60":{"start":{"line":205,"column":6},"end":{"line":205,"column":null}},"61":{"start":{"line":209,"column":2},"end":{"line":419,"column":null}},"62":{"start":{"line":217,"column":35},"end":{"line":217,"column":56}},"63":{"start":{"line":217,"column":56},"end":{"line":217,"column":65}},"64":{"start":{"line":217,"column":65},"end":{"line":217,"column":84}},"65":{"start":{"line":263,"column":39},"end":{"line":263,"column":59}},"66":{"start":{"line":317,"column":74},"end":{"line":317,"column":94}},"67":{"start":{"line":338,"column":22},"end":{"line":364,"column":null}},"68":{"start":{"line":340,"column":80},"end":{"line":340,"column":105}},"69":{"start":{"line":340,"column":105},"end":{"line":340,"column":173}},"70":{"start":{"line":354,"column":55},"end":{"line":354,"column":76}},"71":{"start":{"line":357,"column":71},"end":{"line":357,"column":88}},"72":{"start":{"line":360,"column":73},"end":{"line":360,"column":94}},"73":{"start":{"line":371,"column":43},"end":{"line":371,"column":62}},"74":{"start":{"line":382,"column":37},"end":{"line":382,"column":null}},"75":{"start":{"line":383,"column":36},"end":{"line":383,"column":null}},"76":{"start":{"line":399,"column":43},"end":{"line":399,"column":101}}},"fnMap":{"0":{"name":"(anonymous_0)","decl":{"start":{"line":65,"column":19},"end":{"line":65,"column":25}},"loc":{"start":{"line":65,"column":25},"end":{"line":421,"column":null}},"line":65},"1":{"name":"(anonymous_1)","decl":{"start":{"line":92,"column":20},"end":{"line":92,"column":26}},"loc":{"start":{"line":92,"column":26},"end":{"line":94,"column":null}},"line":92},"2":{"name":"(anonymous_2)","decl":{"start":{"line":93,"column":49},"end":{"line":93,"column":56}},"loc":{"start":{"line":93,"column":56},"end":{"line":93,"column":73}},"line":93},"3":{"name":"(anonymous_3)","decl":{"start":{"line":96,"column":12},"end":{"line":96,"column":18}},"loc":{"start":{"line":96,"column":18},"end":{"line":96,"column":36}},"line":96},"4":{"name":"(anonymous_4)","decl":{"start":{"line":99,"column":33},"end":{"line":99,"column":34}},"loc":{"start":{"line":99,"column":47},"end":{"line":99,"column":72}},"line":99},"5":{"name":"(anonymous_5)","decl":{"start":{"line":100,"column":34},"end":{"line":100,"column":41}},"loc":{"start":{"line":100,"column":41},"end":{"line":100,"column":53}},"line":100},"6":{"name":"(anonymous_6)","decl":{"start":{"line":106,"column":25},"end":{"line":106,"column":26}},"loc":{"start":{"line":106,"column":34},"end":{"line":108,"column":null}},"line":106},"7":{"name":"(anonymous_7)","decl":{"start":{"line":115,"column":25},"end":{"line":115,"column":26}},"loc":{"start":{"line":115,"column":34},"end":{"line":121,"column":null}},"line":115},"8":{"name":"(anonymous_8)","decl":{"start":{"line":126,"column":30},"end":{"line":126,"column":42}},"loc":{"start":{"line":126,"column":42},"end":{"line":134,"column":null}},"line":126},"9":{"name":"(anonymous_9)","decl":{"start":{"line":140,"column":24},"end":{"line":140,"column":31}},"loc":{"start":{"line":140,"column":39},"end":{"line":145,"column":null}},"line":140},"10":{"name":"(anonymous_10)","decl":{"start":{"line":151,"column":21},"end":{"line":151,"column":22}},"loc":{"start":{"line":151,"column":30},"end":{"line":168,"column":null}},"line":151},"11":{"name":"(anonymous_11)","decl":{"start":{"line":176,"column":19},"end":{"line":176,"column":26}},"loc":{"start":{"line":176,"column":35},"end":{"line":207,"column":null}},"line":176},"12":{"name":"(anonymous_12)","decl":{"start":{"line":204,"column":15},"end":{"line":204,"column":21}},"loc":{"start":{"line":204,"column":21},"end":{"line":206,"column":7}},"line":204},"13":{"name":"(anonymous_13)","decl":{"start":{"line":217,"column":27},"end":{"line":217,"column":33}},"loc":{"start":{"line":217,"column":33},"end":{"line":217,"column":null}},"line":217},"14":{"name":"(anonymous_14)","decl":{"start":{"line":263,"column":33},"end":{"line":263,"column":39}},"loc":{"start":{"line":263,"column":39},"end":{"line":263,"column":59}},"line":263},"15":{"name":"(anonymous_15)","decl":{"start":{"line":317,"column":68},"end":{"line":317,"column":74}},"loc":{"start":{"line":317,"column":74},"end":{"line":317,"column":94}},"line":317},"16":{"name":"(anonymous_16)","decl":{"start":{"line":337,"column":30},"end":{"line":337,"column":null}},"loc":{"start":{"line":338,"column":22},"end":{"line":364,"column":null}},"line":338},"17":{"name":"(anonymous_17)","decl":{"start":{"line":340,"column":72},"end":{"line":340,"column":73}},"loc":{"start":{"line":340,"column":79},"end":{"line":340,"column":176}},"line":340},"18":{"name":"(anonymous_18)","decl":{"start":{"line":354,"column":49},"end":{"line":354,"column":55}},"loc":{"start":{"line":354,"column":55},"end":{"line":354,"column":76}},"line":354},"19":{"name":"(anonymous_19)","decl":{"start":{"line":357,"column":65},"end":{"line":357,"column":71}},"loc":{"start":{"line":357,"column":71},"end":{"line":357,"column":88}},"line":357},"20":{"name":"(anonymous_20)","decl":{"start":{"line":360,"column":67},"end":{"line":360,"column":73}},"loc":{"start":{"line":360,"column":73},"end":{"line":360,"column":94}},"line":360},"21":{"name":"(anonymous_21)","decl":{"start":{"line":371,"column":37},"end":{"line":371,"column":43}},"loc":{"start":{"line":371,"column":43},"end":{"line":371,"column":62}},"line":371},"22":{"name":"(anonymous_22)","decl":{"start":{"line":382,"column":31},"end":{"line":382,"column":37}},"loc":{"start":{"line":382,"column":37},"end":{"line":382,"column":null}},"line":382},"23":{"name":"(anonymous_23)","decl":{"start":{"line":383,"column":29},"end":{"line":383,"column":30}},"loc":{"start":{"line":383,"column":36},"end":{"line":383,"column":null}},"line":383},"24":{"name":"(anonymous_24)","decl":{"start":{"line":399,"column":37},"end":{"line":399,"column":43}},"loc":{"start":{"line":399,"column":43},"end":{"line":399,"column":101}},"line":399}},"branchMap":{"0":{"loc":{"start":{"line":116,"column":4},"end":{"line":120,"column":null}},"type":"if","locations":[{"start":{"line":116,"column":4},"end":{"line":120,"column":null}},{"start":{"line":118,"column":11},"end":{"line":120,"column":null}}],"line":116},"1":{"loc":{"start":{"line":127,"column":4},"end":{"line":131,"column":null}},"type":"if","locations":[{"start":{"line":127,"column":4},"end":{"line":131,"column":null}},{"start":{"line":129,"column":4},"end":{"line":131,"column":null}}],"line":127},"2":{"loc":{"start":{"line":129,"column":4},"end":{"line":131,"column":null}},"type":"if","locations":[{"start":{"line":129,"column":4},"end":{"line":131,"column":null}},{"start":{},"end":{}}],"line":129},"3":{"loc":{"start":{"line":162,"column":28},"end":{"line":162,"column":49}},"type":"binary-expr","locations":[{"start":{"line":162,"column":28},"end":{"line":162,"column":47}},{"start":{"line":162,"column":47},"end":{"line":162,"column":49}}],"line":162},"4":{"loc":{"start":{"line":164,"column":20},"end":{"line":164,"column":null}},"type":"binary-expr","locations":[{"start":{"line":164,"column":20},"end":{"line":164,"column":35}},{"start":{"line":164,"column":35},"end":{"line":164,"column":null}}],"line":164},"5":{"loc":{"start":{"line":165,"column":25},"end":{"line":165,"column":41}},"type":"binary-expr","locations":[{"start":{"line":165,"column":25},"end":{"line":165,"column":39}},{"start":{"line":165,"column":39},"end":{"line":165,"column":41}}],"line":165},"6":{"loc":{"start":{"line":166,"column":25},"end":{"line":166,"column":41}},"type":"binary-expr","locations":[{"start":{"line":166,"column":25},"end":{"line":166,"column":39}},{"start":{"line":166,"column":39},"end":{"line":166,"column":41}}],"line":166},"7":{"loc":{"start":{"line":167,"column":25},"end":{"line":167,"column":41}},"type":"binary-expr","locations":[{"start":{"line":167,"column":25},"end":{"line":167,"column":39}},{"start":{"line":167,"column":39},"end":{"line":167,"column":41}}],"line":167},"8":{"loc":{"start":{"line":187,"column":16},"end":{"line":187,"column":null}},"type":"cond-expr","locations":[{"start":{"line":187,"column":29},"end":{"line":187,"column":51}},{"start":{"line":187,"column":51},"end":{"line":187,"column":null}}],"line":187},"9":{"loc":{"start":{"line":190,"column":4},"end":{"line":196,"column":null}},"type":"if","locations":[{"start":{"line":190,"column":4},"end":{"line":196,"column":null}},{"start":{"line":193,"column":11},"end":{"line":196,"column":null}}],"line":190},"10":{"loc":{"start":{"line":216,"column":9},"end":{"line":219,"column":null}},"type":"binary-expr","locations":[{"start":{"line":216,"column":9},"end":{"line":216,"column":null}},{"start":{"line":217,"column":10},"end":{"line":219,"column":null}}],"line":216},"11":{"loc":{"start":{"line":259,"column":11},"end":{"line":375,"column":null}},"type":"cond-expr","locations":[{"start":{"line":260,"column":12},"end":{"line":320,"column":null}},{"start":{"line":322,"column":12},"end":{"line":375,"column":null}}],"line":259},"12":{"loc":{"start":{"line":262,"column":21},"end":{"line":262,"column":99}},"type":"cond-expr","locations":[{"start":{"line":262,"column":34},"end":{"line":262,"column":65}},{"start":{"line":262,"column":65},"end":{"line":262,"column":99}}],"line":262},"13":{"loc":{"start":{"line":316,"column":94},"end":{"line":316,"column":127}},"type":"cond-expr","locations":[{"start":{"line":316,"column":107},"end":{"line":316,"column":119}},{"start":{"line":316,"column":119},"end":{"line":316,"column":127}}],"line":316},"14":{"loc":{"start":{"line":348,"column":43},"end":{"line":348,"column":null}},"type":"cond-expr","locations":[{"start":{"line":348,"column":58},"end":{"line":348,"column":76}},{"start":{"line":348,"column":76},"end":{"line":348,"column":null}}],"line":348},"15":{"loc":{"start":{"line":349,"column":29},"end":{"line":349,"column":null}},"type":"cond-expr","locations":[{"start":{"line":349,"column":44},"end":{"line":349,"column":56}},{"start":{"line":349,"column":56},"end":{"line":349,"column":null}}],"line":349},"16":{"loc":{"start":{"line":354,"column":106},"end":{"line":354,"column":null}},"type":"cond-expr","locations":[{"start":{"line":354,"column":121},"end":{"line":354,"column":138}},{"start":{"line":354,"column":138},"end":{"line":354,"column":null}}],"line":354},"17":{"loc":{"start":{"line":355,"column":29},"end":{"line":355,"column":null}},"type":"cond-expr","locations":[{"start":{"line":355,"column":44},"end":{"line":355,"column":71}},{"start":{"line":355,"column":71},"end":{"line":355,"column":null}}],"line":355},"18":{"loc":{"start":{"line":368,"column":17},"end":{"line":372,"column":null}},"type":"binary-expr","locations":[{"start":{"line":368,"column":17},"end":{"line":368,"column":null}},{"start":{"line":369,"column":18},"end":{"line":372,"column":null}}],"line":368},"19":{"loc":{"start":{"line":381,"column":7},"end":{"line":405,"column":null}},"type":"binary-expr","locations":[{"start":{"line":381,"column":7},"end":{"line":381,"column":null}},{"start":{"line":382,"column":8},"end":{"line":405,"column":null}}],"line":381},"20":{"loc":{"start":{"line":386,"column":13},"end":{"line":395,"column":null}},"type":"cond-expr","locations":[{"start":{"line":387,"column":14},"end":{"line":390,"column":null}},{"start":{"line":392,"column":14},"end":{"line":395,"column":null}}],"line":386},"21":{"loc":{"start":{"line":401,"column":17},"end":{"line":401,"column":null}},"type":"cond-expr","locations":[{"start":{"line":401,"column":50},"end":{"line":401,"column":65}},{"start":{"line":401,"column":65},"end":{"line":401,"column":null}}],"line":401},"22":{"loc":{"start":{"line":409,"column":7},"end":{"line":416,"column":null}},"type":"binary-expr","locations":[{"start":{"line":409,"column":7},"end":{"line":409,"column":null}},{"start":{"line":410,"column":8},"end":{"line":416,"column":null}}],"line":409}},"s":{"0":1,"1":1,"2":16,"3":16,"4":16,"5":16,"6":16,"7":16,"8":16,"9":4,"10":4,"11":16,"12":4,"13":16,"14":8,"15":16,"16":8,"17":16,"18":1,"19":16,"20":0,"21":0,"22":0,"23":16,"24":0,"25":0,"26":0,"27":0,"28":0,"29":0,"30":16,"31":0,"32":0,"33":16,"34":0,"35":0,"36":0,"37":0,"38":0,"39":0,"40":0,"41":0,"42":0,"43":0,"44":0,"45":0,"46":0,"47":0,"48":16,"49":0,"50":0,"51":0,"52":0,"53":0,"54":0,"55":0,"56":0,"57":0,"58":0,"59":0,"60":0,"61":16,"62":2,"63":2,"64":2,"65":0,"66":0,"67":5,"68":0,"69":0,"70":0,"71":0,"72":1,"73":0,"74":0,"75":0,"76":0},"f":{"0":16,"1":4,"2":4,"3":4,"4":8,"5":8,"6":1,"7":0,"8":0,"9":0,"10":0,"11":0,"12":0,"13":2,"14":0,"15":0,"16":5,"17":0,"18":0,"19":0,"20":1,"21":0,"22":0,"23":0,"24":0},"b":{"0":[0,0],"1":[0,0],"2":[0,0],"3":[0,0],"4":[0,0],"5":[0,0],"6":[0,0],"7":[0,0],"8":[0,0],"9":[0,0],"10":[16,13],"11":[3,13],"12":[0,3],"13":[0,3],"14":[5,0],"15":[5,0],"16":[5,0],"17":[5,0],"18":[13,8],"19":[16,1],"20":[1,0],"21":[1,0],"22":[16,0]},"meta":{"lastBranch":23,"lastFunction":25,"lastStatement":77,"seen":{"s:39:15:51:Infinity":0,"s:65:19:421:Infinity":1,"f:65:19:65:25":0,"s:67:22:67:Infinity":2,"s:68:30:68:Infinity":3,"s:69:34:69:Infinity":4,"s:77:38:77:Infinity":5,"s:83:38:83:Infinity":6,"s:85:73:87:Infinity":7,"s:92:20:94:Infinity":8,"f:92:20:92:26":1,"s:93:4:93:Infinity":9,"f:93:49:93:56":2,"s:93:56:93:73":10,"s:96:2:96:Infinity":11,"f:96:12:96:18":3,"s:96:20:96:33":12,"s:99:21:99:Infinity":13,"f:99:33:99:34":4,"s:99:47:99:72":14,"s:100:22:100:Infinity":15,"f:100:34:100:41":5,"s:100:41:100:53":16,"s:106:25:108:Infinity":17,"f:106:25:106:26":6,"s:107:4:107:Infinity":18,"s:115:25:121:Infinity":19,"f:115:25:115:26":7,"b:116:4:120:Infinity:118:11:120:Infinity":0,"s:116:4:120:Infinity":20,"s:117:6:117:Infinity":21,"s:119:6:119:Infinity":22,"s:126:30:134:Infinity":23,"f:126:30:126:42":8,"b:127:4:131:Infinity:129:4:131:Infinity":1,"s:127:4:131:Infinity":24,"s:128:6:128:Infinity":25,"b:129:4:131:Infinity:undefined:undefined:undefined:undefined":2,"s:129:4:131:Infinity":26,"s:130:6:130:Infinity":27,"s:132:4:132:Infinity":28,"s:133:4:133:Infinity":29,"s:140:24:145:Infinity":30,"f:140:24:140:31":9,"s:141:4:143:Infinity":31,"s:144:4:144:Infinity":32,"s:151:21:168:Infinity":33,"f:151:21:151:22":10,"s:152:4:152:Infinity":34,"s:153:4:153:Infinity":35,"s:155:4:155:Infinity":36,"s:156:4:156:Infinity":37,"s:157:4:157:Infinity":38,"s:158:4:158:Infinity":39,"s:159:4:159:Infinity":40,"s:160:4:160:Infinity":41,"s:161:4:161:Infinity":42,"s:162:4:162:Infinity":43,"b:162:28:162:47:162:47:162:49":3,"s:164:20:164:Infinity":44,"b:164:20:164:35:164:35:164:Infinity":4,"s:165:4:165:Infinity":45,"b:165:25:165:39:165:39:165:41":5,"s:166:4:166:Infinity":46,"b:166:25:166:39:166:39:166:41":6,"s:167:4:167:Infinity":47,"b:167:25:167:39:167:39:167:41":7,"s:176:19:207:Infinity":48,"f:176:19:176:26":11,"s:177:20:188:Infinity":49,"b:187:29:187:51:187:51:187:Infinity":8,"b:190:4:196:Infinity:193:11:196:Infinity":9,"s:190:4:196:Infinity":50,"s:191:6:191:Infinity":51,"s:192:6:192:Infinity":52,"s:194:6:194:Infinity":53,"s:195:6:195:Infinity":54,"s:198:4:198:Infinity":55,"s:199:4:199:Infinity":56,"s:200:4:200:Infinity":57,"s:201:4:201:Infinity":58,"s:204:4:206:Infinity":59,"f:204:15:204:21":12,"s:205:6:205:Infinity":60,"s:209:2:419:Infinity":61,"b:216:9:216:Infinity:217:10:219:Infinity":10,"f:217:27:217:33":13,"s:217:35:217:56":62,"s:217:56:217:65":63,"s:217:65:217:84":64,"b:260:12:320:Infinity:322:12:375:Infinity":11,"b:262:34:262:65:262:65:262:99":12,"f:263:33:263:39":14,"s:263:39:263:59":65,"b:316:107:316:119:316:119:316:127":13,"f:317:68:317:74":15,"s:317:74:317:94":66,"f:337:30:337:Infinity":16,"s:338:22:364:Infinity":67,"f:340:72:340:73":17,"s:340:80:340:105":68,"s:340:105:340:173":69,"b:348:58:348:76:348:76:348:Infinity":14,"b:349:44:349:56:349:56:349:Infinity":15,"f:354:49:354:55":18,"s:354:55:354:76":70,"b:354:121:354:138:354:138:354:Infinity":16,"b:355:44:355:71:355:71:355:Infinity":17,"f:357:65:357:71":19,"s:357:71:357:88":71,"f:360:67:360:73":20,"s:360:73:360:94":72,"b:368:17:368:Infinity:369:18:372:Infinity":18,"f:371:37:371:43":21,"s:371:43:371:62":73,"b:381:7:381:Infinity:382:8:405:Infinity":19,"f:382:31:382:37":22,"s:382:37:382:Infinity":74,"f:383:29:383:30":23,"s:383:36:383:Infinity":75,"b:387:14:390:Infinity:392:14:395:Infinity":20,"f:399:37:399:43":24,"s:399:43:399:101":76,"b:401:50:401:65:401:65:401:Infinity":21,"b:409:7:409:Infinity:410:8:416:Infinity":22}}}
,"C:\\Users\\offic\\OneDrive\\Documents\\AutoExpress\\auto-express-pro\\src\\pages\\CarDetails.jsx": {"path":"C:\\Users\\offic\\OneDrive\\Documents\\AutoExpress\\auto-express-pro\\src\\pages\\CarDetails.jsx","statementMap":{"0":{"start":{"line":42,"column":19},"end":{"line":241,"column":null}},"1":{"start":{"line":44,"column":13},"end":{"line":44,"column":null}},"2":{"start":{"line":47,"column":20},"end":{"line":47,"column":null}},"3":{"start":{"line":50,"column":36},"end":{"line":50,"column":null}},"4":{"start":{"line":53,"column":30},"end":{"line":53,"column":null}},"5":{"start":{"line":56,"column":28},"end":{"line":56,"column":null}},"6":{"start":{"line":59,"column":34},"end":{"line":59,"column":null}},"7":{"start":{"line":62,"column":36},"end":{"line":62,"column":null}},"8":{"start":{"line":65,"column":15},"end":{"line":65,"column":null}},"9":{"start":{"line":70,"column":18},"end":{"line":70,"column":null}},"10":{"start":{"line":79,"column":2},"end":{"line":94,"column":null}},"11":{"start":{"line":81,"column":4},"end":{"line":91,"column":null}},"12":{"start":{"line":82,"column":6},"end":{"line":82,"column":null}},"13":{"start":{"line":83,"column":6},"end":{"line":83,"column":null}},"14":{"start":{"line":86,"column":6},"end":{"line":90,"column":null}},"15":{"start":{"line":88,"column":23},"end":{"line":88,"column":null}},"16":{"start":{"line":89,"column":10},"end":{"line":89,"column":null}},"17":{"start":{"line":93,"column":4},"end":{"line":93,"column":null}},"18":{"start":{"line":93,"column":71},"end":{"line":93,"column":91}},"19":{"start":{"line":102,"column":27},"end":{"line":116,"column":null}},"20":{"start":{"line":103,"column":4},"end":{"line":103,"column":null}},"21":{"start":{"line":103,"column":29},"end":{"line":103,"column":null}},"22":{"start":{"line":105,"column":19},"end":{"line":111,"column":null}},"23":{"start":{"line":113,"column":16},"end":{"line":113,"column":null}},"24":{"start":{"line":114,"column":4},"end":{"line":114,"column":null}},"25":{"start":{"line":115,"column":4},"end":{"line":115,"column":null}},"26":{"start":{"line":119,"column":2},"end":{"line":119,"column":null}},"27":{"start":{"line":119,"column":12},"end":{"line":119,"column":null}},"28":{"start":{"line":121,"column":2},"end":{"line":239,"column":null}},"29":{"start":{"line":137,"column":33},"end":{"line":137,"column":null}},"30":{"start":{"line":143,"column":18},"end":{"line":149,"column":null}},"31":{"start":{"line":146,"column":35},"end":{"line":146,"column":null}},"32":{"start":{"line":185,"column":29},"end":{"line":185,"column":null}},"33":{"start":{"line":198,"column":12},"end":{"line":204,"column":null}},"34":{"start":{"line":213,"column":33},"end":{"line":213,"column":null}},"35":{"start":{"line":224,"column":37},"end":{"line":224,"column":null}},"36":{"start":{"line":225,"column":36},"end":{"line":225,"column":null}},"37":{"start":{"line":226,"column":40},"end":{"line":226,"column":63}}},"fnMap":{"0":{"name":"(anonymous_0)","decl":{"start":{"line":42,"column":19},"end":{"line":42,"column":25}},"loc":{"start":{"line":42,"column":25},"end":{"line":241,"column":null}},"line":42},"1":{"name":"(anonymous_1)","decl":{"start":{"line":79,"column":12},"end":{"line":79,"column":18}},"loc":{"start":{"line":79,"column":18},"end":{"line":94,"column":5}},"line":79},"2":{"name":"(anonymous_2)","decl":{"start":{"line":81,"column":55},"end":{"line":81,"column":62}},"loc":{"start":{"line":81,"column":62},"end":{"line":91,"column":5}},"line":81},"3":{"name":"(anonymous_3)","decl":{"start":{"line":87,"column":14},"end":{"line":87,"column":25}},"loc":{"start":{"line":87,"column":25},"end":{"line":90,"column":9}},"line":87},"4":{"name":"(anonymous_4)","decl":{"start":{"line":93,"column":64},"end":{"line":93,"column":71}},"loc":{"start":{"line":93,"column":71},"end":{"line":93,"column":91}},"line":93},"5":{"name":"(anonymous_5)","decl":{"start":{"line":102,"column":27},"end":{"line":102,"column":39}},"loc":{"start":{"line":102,"column":39},"end":{"line":116,"column":null}},"line":102},"6":{"name":"(anonymous_6)","decl":{"start":{"line":137,"column":27},"end":{"line":137,"column":33}},"loc":{"start":{"line":137,"column":33},"end":{"line":137,"column":null}},"line":137},"7":{"name":"(anonymous_7)","decl":{"start":{"line":142,"column":33},"end":{"line":142,"column":34}},"loc":{"start":{"line":143,"column":18},"end":{"line":149,"column":null}},"line":143},"8":{"name":"(anonymous_8)","decl":{"start":{"line":146,"column":29},"end":{"line":146,"column":35}},"loc":{"start":{"line":146,"column":35},"end":{"line":146,"column":null}},"line":146},"9":{"name":"(anonymous_9)","decl":{"start":{"line":185,"column":23},"end":{"line":185,"column":29}},"loc":{"start":{"line":185,"column":29},"end":{"line":185,"column":null}},"line":185},"10":{"name":"(anonymous_10)","decl":{"start":{"line":197,"column":23},"end":{"line":197,"column":null}},"loc":{"start":{"line":198,"column":12},"end":{"line":204,"column":null}},"line":198},"11":{"name":"(anonymous_11)","decl":{"start":{"line":213,"column":26},"end":{"line":213,"column":27}},"loc":{"start":{"line":213,"column":33},"end":{"line":213,"column":null}},"line":213},"12":{"name":"(anonymous_12)","decl":{"start":{"line":224,"column":31},"end":{"line":224,"column":37}},"loc":{"start":{"line":224,"column":37},"end":{"line":224,"column":null}},"line":224},"13":{"name":"(anonymous_13)","decl":{"start":{"line":225,"column":29},"end":{"line":225,"column":30}},"loc":{"start":{"line":225,"column":36},"end":{"line":225,"column":null}},"line":225},"14":{"name":"(anonymous_14)","decl":{"start":{"line":226,"column":34},"end":{"line":226,"column":40}},"loc":{"start":{"line":226,"column":40},"end":{"line":226,"column":63}},"line":226}},"branchMap":{"0":{"loc":{"start":{"line":70,"column":18},"end":{"line":70,"column":null}},"type":"binary-expr","locations":[{"start":{"line":70,"column":18},"end":{"line":70,"column":26}},{"start":{"line":70,"column":26},"end":{"line":70,"column":null}}],"line":70},"1":{"loc":{"start":{"line":103,"column":4},"end":{"line":103,"column":null}},"type":"if","locations":[{"start":{"line":103,"column":4},"end":{"line":103,"column":null}},{"start":{},"end":{}}],"line":103},"2":{"loc":{"start":{"line":103,"column":7},"end":{"line":103,"column":29}},"type":"binary-expr","locations":[{"start":{"line":103,"column":7},"end":{"line":103,"column":22}},{"start":{"line":103,"column":22},"end":{"line":103,"column":29}}],"line":103},"3":{"loc":{"start":{"line":119,"column":2},"end":{"line":119,"column":null}},"type":"if","locations":[{"start":{"line":119,"column":2},"end":{"line":119,"column":null}},{"start":{},"end":{}}],"line":119},"4":{"loc":{"start":{"line":132,"column":13},"end":{"line":151,"column":null}},"type":"binary-expr","locations":[{"start":{"line":132,"column":13},"end":{"line":132,"column":null}},{"start":{"line":133,"column":14},"end":{"line":151,"column":null}}],"line":132},"5":{"loc":{"start":{"line":138,"column":29},"end":{"line":138,"column":null}},"type":"cond-expr","locations":[{"start":{"line":138,"column":57},"end":{"line":138,"column":68}},{"start":{"line":138,"column":68},"end":{"line":138,"column":null}}],"line":138},"6":{"loc":{"start":{"line":147,"column":31},"end":{"line":147,"column":null}},"type":"cond-expr","locations":[{"start":{"line":147,"column":53},"end":{"line":147,"column":64}},{"start":{"line":147,"column":64},"end":{"line":147,"column":null}}],"line":147},"7":{"loc":{"start":{"line":163,"column":15},"end":{"line":163,"column":null}},"type":"binary-expr","locations":[{"start":{"line":163,"column":15},"end":{"line":163,"column":27}},{"start":{"line":163,"column":27},"end":{"line":163,"column":null}}],"line":163},"8":{"loc":{"start":{"line":180,"column":28},"end":{"line":180,"column":null}},"type":"cond-expr","locations":[{"start":{"line":180,"column":38},"end":{"line":180,"column":50}},{"start":{"line":180,"column":50},"end":{"line":180,"column":null}}],"line":180},"9":{"loc":{"start":{"line":181,"column":23},"end":{"line":181,"column":null}},"type":"cond-expr","locations":[{"start":{"line":181,"column":33},"end":{"line":181,"column":45}},{"start":{"line":181,"column":45},"end":{"line":181,"column":null}}],"line":181},"10":{"loc":{"start":{"line":182,"column":24},"end":{"line":182,"column":null}},"type":"cond-expr","locations":[{"start":{"line":182,"column":34},"end":{"line":182,"column":50}},{"start":{"line":182,"column":50},"end":{"line":182,"column":null}}],"line":182},"11":{"loc":{"start":{"line":183,"column":25},"end":{"line":183,"column":null}},"type":"cond-expr","locations":[{"start":{"line":183,"column":35},"end":{"line":183,"column":41}},{"start":{"line":183,"column":41},"end":{"line":183,"column":null}}],"line":183},"12":{"loc":{"start":{"line":185,"column":29},"end":{"line":185,"column":null}},"type":"binary-expr","locations":[{"start":{"line":185,"column":29},"end":{"line":185,"column":41}},{"start":{"line":185,"column":41},"end":{"line":185,"column":null}}],"line":185},"13":{"loc":{"start":{"line":187,"column":21},"end":{"line":187,"column":null}},"type":"cond-expr","locations":[{"start":{"line":187,"column":31},"end":{"line":187,"column":71}},{"start":{"line":187,"column":71},"end":{"line":187,"column":null}}],"line":187},"14":{"loc":{"start":{"line":189,"column":15},"end":{"line":189,"column":null}},"type":"cond-expr","locations":[{"start":{"line":189,"column":25},"end":{"line":189,"column":61}},{"start":{"line":189,"column":61},"end":{"line":189,"column":null}}],"line":189},"15":{"loc":{"start":{"line":208,"column":11},"end":{"line":218,"column":null}},"type":"cond-expr","locations":[{"start":{"line":209,"column":12},"end":{"line":217,"column":null}},{"start":{"line":218,"column":14},"end":{"line":218,"column":null}}],"line":208},"16":{"loc":{"start":{"line":223,"column":7},"end":{"line":237,"column":null}},"type":"binary-expr","locations":[{"start":{"line":223,"column":7},"end":{"line":223,"column":null}},{"start":{"line":224,"column":8},"end":{"line":237,"column":null}}],"line":223}},"s":{"0":1,"1":4,"2":4,"3":4,"4":4,"5":4,"6":4,"7":4,"8":4,"9":4,"10":4,"11":2,"12":2,"13":2,"14":2,"15":2,"16":2,"17":2,"18":2,"19":4,"20":0,"21":0,"22":0,"23":0,"24":0,"25":0,"26":4,"27":2,"28":2,"29":0,"30":2,"31":0,"32":0,"33":0,"34":0,"35":0,"36":0,"37":0},"f":{"0":4,"1":2,"2":2,"3":2,"4":2,"5":0,"6":0,"7":2,"8":0,"9":0,"10":0,"11":0,"12":0,"13":0,"14":0},"b":{"0":[4,2],"1":[0,0],"2":[0,0],"3":[2,2],"4":[2,2],"5":[2,0],"6":[2,0],"7":[4,2],"8":[1,1],"9":[1,1],"10":[1,1],"11":[1,1],"12":[0,0],"13":[1,1],"14":[1,1],"15":[1,1],"16":[4,0]},"meta":{"lastBranch":17,"lastFunction":15,"lastStatement":38,"seen":{"s:42:19:241:Infinity":0,"f:42:19:42:25":0,"s:44:13:44:Infinity":1,"s:47:20:47:Infinity":2,"s:50:36:50:Infinity":3,"s:53:30:53:Infinity":4,"s:56:28:56:Infinity":5,"s:59:34:59:Infinity":6,"s:62:36:62:Infinity":7,"s:65:15:65:Infinity":8,"s:70:18:70:Infinity":9,"b:70:18:70:26:70:26:70:Infinity":0,"s:79:2:94:Infinity":10,"f:79:12:79:18":1,"s:81:4:91:Infinity":11,"f:81:55:81:62":2,"s:82:6:82:Infinity":12,"s:83:6:83:Infinity":13,"s:86:6:90:Infinity":14,"f:87:14:87:25":3,"s:88:23:88:Infinity":15,"s:89:10:89:Infinity":16,"s:93:4:93:Infinity":17,"f:93:64:93:71":4,"s:93:71:93:91":18,"s:102:27:116:Infinity":19,"f:102:27:102:39":5,"b:103:4:103:Infinity:undefined:undefined:undefined:undefined":1,"s:103:4:103:Infinity":20,"b:103:7:103:22:103:22:103:29":2,"s:103:29:103:Infinity":21,"s:105:19:111:Infinity":22,"s:113:16:113:Infinity":23,"s:114:4:114:Infinity":24,"s:115:4:115:Infinity":25,"b:119:2:119:Infinity:undefined:undefined:undefined:undefined":3,"s:119:2:119:Infinity":26,"s:119:12:119:Infinity":27,"s:121:2:239:Infinity":28,"b:132:13:132:Infinity:133:14:151:Infinity":4,"f:137:27:137:33":6,"s:137:33:137:Infinity":29,"b:138:57:138:68:138:68:138:Infinity":5,"f:142:33:142:34":7,"s:143:18:149:Infinity":30,"f:146:29:146:35":8,"s:146:35:146:Infinity":31,"b:147:53:147:64:147:64:147:Infinity":6,"b:163:15:163:27:163:27:163:Infinity":7,"b:180:38:180:50:180:50:180:Infinity":8,"b:181:33:181:45:181:45:181:Infinity":9,"b:182:34:182:50:182:50:182:Infinity":10,"b:183:35:183:41:183:41:183:Infinity":11,"f:185:23:185:29":9,"s:185:29:185:Infinity":32,"b:185:29:185:41:185:41:185:Infinity":12,"b:187:31:187:71:187:71:187:Infinity":13,"b:189:25:189:61:189:61:189:Infinity":14,"f:197:23:197:Infinity":10,"s:198:12:204:Infinity":33,"b:209:12:217:Infinity:218:14:218:Infinity":15,"f:213:26:213:27":11,"s:213:33:213:Infinity":34,"b:223:7:223:Infinity:224:8:237:Infinity":16,"f:224:31:224:37":12,"s:224:37:224:Infinity":35,"f:225:29:225:30":13,"s:225:36:225:Infinity":36,"f:226:34:226:40":14,"s:226:40:226:63":37}}}
,"C:\\Users\\offic\\OneDrive\\Documents\\AutoExpress\\auto-express-pro\\src\\pages\\Home.jsx": {"path":"C:\\Users\\offic\\OneDrive\\Documents\\AutoExpress\\auto-express-pro\\src\\pages\\Home.jsx","statementMap":{"0":{"start":{"line":39,"column":13},"end":{"line":202,"column":null}},"1":{"start":{"line":43,"column":22},"end":{"line":43,"column":null}},"2":{"start":{"line":46,"column":28},"end":{"line":46,"column":null}},"3":{"start":{"line":49,"column":30},"end":{"line":49,"column":null}},"4":{"start":{"line":54,"column":34},"end":{"line":54,"column":null}},"5":{"start":{"line":59,"column":30},"end":{"line":59,"column":null}},"6":{"start":{"line":62,"column":28},"end":{"line":62,"column":null}},"7":{"start":{"line":65,"column":8},"end":{"line":65,"column":null}},"8":{"start":{"line":66,"column":20},"end":{"line":66,"column":null}},"9":{"start":{"line":67,"column":16},"end":{"line":67,"column":null}},"10":{"start":{"line":67,"column":76},"end":{"line":67,"column":91}},"11":{"start":{"line":70,"column":19},"end":{"line":70,"column":null}},"12":{"start":{"line":71,"column":25},"end":{"line":71,"column":null}},"13":{"start":{"line":78,"column":25},"end":{"line":84,"column":null}},"14":{"start":{"line":80,"column":4},"end":{"line":81,"column":null}},"15":{"start":{"line":80,"column":31},"end":{"line":80,"column":null}},"16":{"start":{"line":80,"column":69},"end":{"line":80,"column":80}},"17":{"start":{"line":81,"column":9},"end":{"line":81,"column":null}},"18":{"start":{"line":82,"column":4},"end":{"line":82,"column":null}},"19":{"start":{"line":83,"column":4},"end":{"line":83,"column":null}},"20":{"start":{"line":90,"column":2},"end":{"line":92,"column":null}},"21":{"start":{"line":91,"column":4},"end":{"line":91,"column":null}},"22":{"start":{"line":91,"column":58},"end":{"line":91,"column":77}},"23":{"start":{"line":91,"column":77},"end":{"line":91,"column":96}},"24":{"start":{"line":95,"column":23},"end":{"line":101,"column":null}},"25":{"start":{"line":95,"column":35},"end":{"line":100,"column":null}},"26":{"start":{"line":103,"column":2},"end":{"line":200,"column":null}},"27":{"start":{"line":125,"column":33},"end":{"line":125,"column":null}},"28":{"start":{"line":135,"column":43},"end":{"line":135,"column":null}},"29":{"start":{"line":138,"column":16},"end":{"line":138,"column":null}},"30":{"start":{"line":158,"column":33},"end":{"line":158,"column":null}},"31":{"start":{"line":170,"column":16},"end":{"line":188,"column":null}},"32":{"start":{"line":172,"column":46},"end":{"line":172,"column":66}},"33":{"start":{"line":172,"column":66},"end":{"line":172,"column":90}}},"fnMap":{"0":{"name":"(anonymous_0)","decl":{"start":{"line":39,"column":13},"end":{"line":39,"column":19}},"loc":{"start":{"line":39,"column":19},"end":{"line":202,"column":null}},"line":39},"1":{"name":"(anonymous_1)","decl":{"start":{"line":67,"column":66},"end":{"line":67,"column":67}},"loc":{"start":{"line":67,"column":76},"end":{"line":67,"column":91}},"line":67},"2":{"name":"(anonymous_2)","decl":{"start":{"line":78,"column":25},"end":{"line":78,"column":26}},"loc":{"start":{"line":78,"column":33},"end":{"line":84,"column":null}},"line":78},"3":{"name":"(anonymous_3)","decl":{"start":{"line":80,"column":61},"end":{"line":80,"column":69}},"loc":{"start":{"line":80,"column":69},"end":{"line":80,"column":80}},"line":80},"4":{"name":"(anonymous_4)","decl":{"start":{"line":90,"column":12},"end":{"line":90,"column":18}},"loc":{"start":{"line":90,"column":18},"end":{"line":92,"column":5}},"line":90},"5":{"name":"(anonymous_5)","decl":{"start":{"line":91,"column":49},"end":{"line":91,"column":56}},"loc":{"start":{"line":91,"column":56},"end":{"line":91,"column":97}},"line":91},"6":{"name":"(anonymous_6)","decl":{"start":{"line":95,"column":35},"end":{"line":95,"column":null}},"loc":{"start":{"line":95,"column":35},"end":{"line":100,"column":null}},"line":95},"7":{"name":"(anonymous_7)","decl":{"start":{"line":125,"column":26},"end":{"line":125,"column":27}},"loc":{"start":{"line":125,"column":33},"end":{"line":125,"column":null}},"line":125},"8":{"name":"(anonymous_8)","decl":{"start":{"line":135,"column":36},"end":{"line":135,"column":37}},"loc":{"start":{"line":135,"column":43},"end":{"line":135,"column":null}},"line":135},"9":{"name":"(anonymous_9)","decl":{"start":{"line":137,"column":25},"end":{"line":137,"column":null}},"loc":{"start":{"line":138,"column":16},"end":{"line":138,"column":null}},"line":138},"10":{"name":"(anonymous_10)","decl":{"start":{"line":158,"column":26},"end":{"line":158,"column":27}},"loc":{"start":{"line":158,"column":33},"end":{"line":158,"column":null}},"line":158},"11":{"name":"(anonymous_11)","decl":{"start":{"line":169,"column":31},"end":{"line":169,"column":null}},"loc":{"start":{"line":170,"column":16},"end":{"line":188,"column":null}},"line":170},"12":{"name":"(anonymous_12)","decl":{"start":{"line":172,"column":37},"end":{"line":172,"column":38}},"loc":{"start":{"line":172,"column":44},"end":{"line":172,"column":93}},"line":172}},"branchMap":{"0":{"loc":{"start":{"line":49,"column":43},"end":{"line":49,"column":93}},"type":"binary-expr","locations":[{"start":{"line":49,"column":43},"end":{"line":49,"column":91}},{"start":{"line":49,"column":91},"end":{"line":49,"column":93}}],"line":49},"1":{"loc":{"start":{"line":80,"column":4},"end":{"line":81,"column":null}},"type":"if","locations":[{"start":{"line":80,"column":4},"end":{"line":81,"column":null}},{"start":{"line":81,"column":9},"end":{"line":81,"column":null}}],"line":80},"2":{"loc":{"start":{"line":95,"column":35},"end":{"line":100,"column":null}},"type":"binary-expr","locations":[{"start":{"line":96,"column":5},"end":{"line":96,"column":null}},{"start":{"line":97,"column":5},"end":{"line":97,"column":null}},{"start":{"line":98,"column":4},"end":{"line":98,"column":null}},{"start":{"line":99,"column":5},"end":{"line":99,"column":26}},{"start":{"line":99,"column":26},"end":{"line":99,"column":null}},{"start":{"line":100,"column":4},"end":{"line":100,"column":null}}],"line":95},"3":{"loc":{"start":{"line":168,"column":13},"end":{"line":195,"column":null}},"type":"cond-expr","locations":[{"start":{"line":169,"column":14},"end":{"line":189,"column":null}},{"start":{"line":191,"column":14},"end":{"line":195,"column":null}}],"line":168},"4":{"loc":{"start":{"line":172,"column":306},"end":{"line":172,"column":355}},"type":"cond-expr","locations":[{"start":{"line":172,"column":334},"end":{"line":172,"column":346}},{"start":{"line":172,"column":346},"end":{"line":172,"column":355}}],"line":172},"5":{"loc":{"start":{"line":173,"column":23},"end":{"line":173,"column":null}},"type":"cond-expr","locations":[{"start":{"line":173,"column":51},"end":{"line":173,"column":65}},{"start":{"line":173,"column":65},"end":{"line":173,"column":null}}],"line":173}},"s":{"0":1,"1":8,"2":8,"3":8,"4":8,"5":8,"6":8,"7":8,"8":8,"9":8,"10":224,"11":8,"12":8,"13":8,"14":0,"15":0,"16":0,"17":0,"18":0,"19":0,"20":8,"21":3,"22":3,"23":3,"24":8,"25":10,"26":8,"27":2,"28":0,"29":224,"30":0,"31":7,"32":0,"33":0},"f":{"0":8,"1":224,"2":0,"3":0,"4":3,"5":3,"6":10,"7":2,"8":0,"9":224,"10":0,"11":7,"12":0},"b":{"0":[8,8],"1":[0,0],"2":[10,3,7,7,0,7],"3":[4,4],"4":[0,7],"5":[0,7]},"meta":{"lastBranch":6,"lastFunction":13,"lastStatement":34,"seen":{"s:39:13:202:Infinity":0,"f:39:13:39:19":0,"s:43:22:43:Infinity":1,"s:46:28:46:Infinity":2,"s:49:30:49:Infinity":3,"b:49:43:49:91:49:91:49:93":0,"s:54:34:54:Infinity":4,"s:59:30:59:Infinity":5,"s:62:28:62:Infinity":6,"s:65:8:65:Infinity":7,"s:66:20:66:Infinity":8,"s:67:16:67:Infinity":9,"f:67:66:67:67":1,"s:67:76:67:91":10,"s:70:19:70:Infinity":11,"s:71:25:71:Infinity":12,"s:78:25:84:Infinity":13,"f:78:25:78:26":2,"b:80:4:81:Infinity:81:9:81:Infinity":1,"s:80:4:81:Infinity":14,"s:80:31:80:Infinity":15,"f:80:61:80:69":3,"s:80:69:80:80":16,"s:81:9:81:Infinity":17,"s:82:4:82:Infinity":18,"s:83:4:83:Infinity":19,"s:90:2:92:Infinity":20,"f:90:12:90:18":4,"s:91:4:91:Infinity":21,"f:91:49:91:56":5,"s:91:58:91:77":22,"s:91:77:91:96":23,"s:95:23:101:Infinity":24,"f:95:35:95:Infinity":6,"s:95:35:100:Infinity":25,"b:96:5:96:Infinity:97:5:97:Infinity:98:4:98:Infinity:99:5:99:26:99:26:99:Infinity:100:4:100:Infinity":2,"s:103:2:200:Infinity":26,"f:125:26:125:27":7,"s:125:33:125:Infinity":27,"f:135:36:135:37":8,"s:135:43:135:Infinity":28,"f:137:25:137:Infinity":9,"s:138:16:138:Infinity":29,"f:158:26:158:27":10,"s:158:33:158:Infinity":30,"b:169:14:189:Infinity:191:14:195:Infinity":3,"f:169:31:169:Infinity":11,"s:170:16:188:Infinity":31,"f:172:37:172:38":12,"s:172:46:172:66":32,"s:172:66:172:90":33,"b:172:334:172:346:172:346:172:355":4,"b:173:51:173:65:173:65:173:Infinity":5}}}
,"C:\\Users\\offic\\OneDrive\\Documents\\AutoExpress\\auto-express-pro\\src\\styles\\global\\SharedComponents.js": {"path":"C:\\Users\\offic\\OneDrive\\Documents\\AutoExpress\\auto-express-pro\\src\\styles\\global\\SharedComponents.js","statementMap":{"0":{"start":{"line":4,"column":25},"end":{"line":9,"column":1}},"1":{"start":{"line":11,"column":21},"end":{"line":30,"column":1}},"2":{"start":{"line":12,"column":25},"end":{"line":12,"column":88}},"3":{"start":{"line":13,"column":20},"end":{"line":13,"column":76}},"4":{"start":{"line":26,"column":27},"end":{"line":26,"column":108}},"5":{"start":{"line":32,"column":19},"end":{"line":47,"column":1}},"6":{"start":{"line":49,"column":25},"end":{"line":56,"column":1}},"7":{"start":{"line":52,"column":35},"end":{"line":52,"column":45}},"8":{"start":{"line":58,"column":21},"end":{"line":70,"column":1}}},"fnMap":{"0":{"name":"(anonymous_0)","decl":{"start":{"line":12,"column":16},"end":{"line":12,"column":21}},"loc":{"start":{"line":12,"column":25},"end":{"line":12,"column":88}},"line":12},"1":{"name":"(anonymous_1)","decl":{"start":{"line":13,"column":11},"end":{"line":13,"column":16}},"loc":{"start":{"line":13,"column":20},"end":{"line":13,"column":76}},"line":13},"2":{"name":"(anonymous_2)","decl":{"start":{"line":26,"column":18},"end":{"line":26,"column":23}},"loc":{"start":{"line":26,"column":27},"end":{"line":26,"column":108}},"line":26},"3":{"name":"(anonymous_3)","decl":{"start":{"line":52,"column":26},"end":{"line":52,"column":31}},"loc":{"start":{"line":52,"column":35},"end":{"line":52,"column":45}},"line":52}},"branchMap":{"0":{"loc":{"start":{"line":12,"column":25},"end":{"line":12,"column":88}},"type":"cond-expr","locations":[{"start":{"line":12,"column":56},"end":{"line":12,"column":69}},{"start":{"line":12,"column":72},"end":{"line":12,"column":88}}],"line":12},"1":{"loc":{"start":{"line":13,"column":20},"end":{"line":13,"column":76}},"type":"cond-expr","locations":[{"start":{"line":13,"column":51},"end":{"line":13,"column":67}},{"start":{"line":13,"column":70},"end":{"line":13,"column":76}}],"line":13},"2":{"loc":{"start":{"line":26,"column":27},"end":{"line":26,"column":108}},"type":"cond-expr","locations":[{"start":{"line":26,"column":58},"end":{"line":26,"column":83}},{"start":{"line":26,"column":86},"end":{"line":26,"column":108}}],"line":26}},"s":{"0":3,"1":3,"2":37,"3":37,"4":37,"5":3,"6":3,"7":0,"8":3},"f":{"0":37,"1":37,"2":37,"3":0},"b":{"0":[3,34],"1":[3,34],"2":[3,34]},"meta":{"lastBranch":3,"lastFunction":4,"lastStatement":9,"seen":{"s:4:25:9:1":0,"s:11:21:30:1":1,"f:12:16:12:21":0,"s:12:25:12:88":2,"b:12:56:12:69:12:72:12:88":0,"f:13:11:13:16":1,"s:13:20:13:76":3,"b:13:51:13:67:13:70:13:76":1,"f:26:18:26:23":2,"s:26:27:26:108":4,"b:26:58:26:83:26:86:26:108":2,"s:32:19:47:1":5,"s:49:25:56:1":6,"f:52:26:52:31":3,"s:52:35:52:45":7,"s:58:21:70:1":8}}}
,"C:\\Users\\offic\\OneDrive\\Documents\\AutoExpress\\auto-express-pro\\src\\styles\\pages\\AdminPanel.js": {"path":"C:\\Users\\offic\\OneDrive\\Documents\\AutoExpress\\auto-express-pro\\src\\styles\\pages\\AdminPanel.js","statementMap":{"0":{"start":{"line":4,"column":27},"end":{"line":13,"column":1}},"1":{"start":{"line":15,"column":22},"end":{"line":25,"column":1}},"2":{"start":{"line":27,"column":29},"end":{"line":35,"column":1}},"3":{"start":{"line":37,"column":23},"end":{"line":41,"column":1}},"4":{"start":{"line":43,"column":24},"end":{"line":64,"column":1}},"5":{"start":{"line":66,"column":27},"end":{"line":72,"column":1}},"6":{"start":{"line":74,"column":21},"end":{"line":113,"column":1}},"7":{"start":{"line":115,"column":28},"end":{"line":136,"column":1}},"8":{"start":{"line":128,"column":25},"end":{"line":128,"column":130}},"9":{"start":{"line":129,"column":20},"end":{"line":129,"column":93}},"10":{"start":{"line":138,"column":28},"end":{"line":164,"column":1}},"11":{"start":{"line":167,"column":28},"end":{"line":173,"column":1}},"12":{"start":{"line":175,"column":24},"end":{"line":186,"column":1}},"13":{"start":{"line":189,"column":25},"end":{"line":196,"column":1}},"14":{"start":{"line":198,"column":28},"end":{"line":200,"column":1}},"15":{"start":{"line":202,"column":29},"end":{"line":206,"column":1}},"16":{"start":{"line":208,"column":28},"end":{"line":212,"column":1}},"17":{"start":{"line":215,"column":27},"end":{"line":217,"column":1}},"18":{"start":{"line":219,"column":26},"end":{"line":222,"column":1}},"19":{"start":{"line":224,"column":27},"end":{"line":227,"column":1}},"20":{"start":{"line":229,"column":25},"end":{"line":234,"column":1}},"21":{"start":{"line":236,"column":26},"end":{"line":239,"column":1}}},"fnMap":{"0":{"name":"(anonymous_0)","decl":{"start":{"line":128,"column":16},"end":{"line":128,"column":21}},"loc":{"start":{"line":128,"column":25},"end":{"line":128,"column":130}},"line":128},"1":{"name":"(anonymous_1)","decl":{"start":{"line":129,"column":11},"end":{"line":129,"column":16}},"loc":{"start":{"line":129,"column":20},"end":{"line":129,"column":93}},"line":129}},"branchMap":{"0":{"loc":{"start":{"line":128,"column":25},"end":{"line":128,"column":130}},"type":"cond-expr","locations":[{"start":{"line":128,"column":53},"end":{"line":128,"column":62}},{"start":{"line":128,"column":65},"end":{"line":128,"column":130}}],"line":128},"1":{"loc":{"start":{"line":128,"column":65},"end":{"line":128,"column":130}},"type":"cond-expr","locations":[{"start":{"line":128,"column":95},"end":{"line":128,"column":104}},{"start":{"line":128,"column":107},"end":{"line":128,"column":130}}],"line":128},"2":{"loc":{"start":{"line":129,"column":20},"end":{"line":129,"column":93}},"type":"cond-expr","locations":[{"start":{"line":129,"column":36},"end":{"line":129,"column":45}},{"start":{"line":129,"column":48},"end":{"line":129,"column":93}}],"line":129},"3":{"loc":{"start":{"line":129,"column":48},"end":{"line":129,"column":93}},"type":"cond-expr","locations":[{"start":{"line":129,"column":74},"end":{"line":129,"column":83}},{"start":{"line":129,"column":86},"end":{"line":129,"column":93}}],"line":129}},"s":{"0":1,"1":1,"2":1,"3":1,"4":1,"5":1,"6":1,"7":1,"8":15,"9":15,"10":1,"11":1,"12":1,"13":1,"14":1,"15":1,"16":1,"17":1,"18":1,"19":1,"20":1,"21":1},"f":{"0":15,"1":15},"b":{"0":[5,10],"1":[5,5],"2":[5,10],"3":[0,10]},"meta":{"lastBranch":4,"lastFunction":2,"lastStatement":22,"seen":{"s:4:27:13:1":0,"s:15:22:25:1":1,"s:27:29:35:1":2,"s:37:23:41:1":3,"s:43:24:64:1":4,"s:66:27:72:1":5,"s:74:21:113:1":6,"s:115:28:136:1":7,"f:128:16:128:21":0,"s:128:25:128:130":8,"b:128:53:128:62:128:65:128:130":0,"b:128:95:128:104:128:107:128:130":1,"f:129:11:129:16":1,"s:129:20:129:93":9,"b:129:36:129:45:129:48:129:93":2,"b:129:74:129:83:129:86:129:93":3,"s:138:28:164:1":10,"s:167:28:173:1":11,"s:175:24:186:1":12,"s:189:25:196:1":13,"s:198:28:200:1":14,"s:202:29:206:1":15,"s:208:28:212:1":16,"s:215:27:217:1":17,"s:219:26:222:1":18,"s:224:27:227:1":19,"s:229:25:234:1":20,"s:236:26:239:1":21}}}
,"C:\\Users\\offic\\OneDrive\\Documents\\AutoExpress\\auto-express-pro\\src\\styles\\pages\\CarDetails.js": {"path":"C:\\Users\\offic\\OneDrive\\Documents\\AutoExpress\\auto-express-pro\\src\\styles\\pages\\CarDetails.js","statementMap":{"0":{"start":{"line":5,"column":27},"end":{"line":12,"column":1}},"1":{"start":{"line":14,"column":25},"end":{"line":18,"column":1}},"2":{"start":{"line":20,"column":27},"end":{"line":25,"column":1}},"3":{"start":{"line":27,"column":28},"end":{"line":31,"column":1}},"4":{"start":{"line":33,"column":25},"end":{"line":47,"column":1}},"5":{"start":{"line":49,"column":29},"end":{"line":75,"column":1}},"6":{"start":{"line":77,"column":23},"end":{"line":83,"column":1}},"7":{"start":{"line":85,"column":21},"end":{"line":90,"column":1}},"8":{"start":{"line":92,"column":24},"end":{"line":100,"column":1}},"9":{"start":{"line":102,"column":25},"end":{"line":118,"column":1}},"10":{"start":{"line":120,"column":29},"end":{"line":123,"column":1}},"11":{"start":{"line":125,"column":26},"end":{"line":131,"column":1}},"12":{"start":{"line":134,"column":28},"end":{"line":140,"column":1}},"13":{"start":{"line":142,"column":24},"end":{"line":147,"column":1}},"14":{"start":{"line":149,"column":28},"end":{"line":157,"column":1}},"15":{"start":{"line":159,"column":24},"end":{"line":166,"column":1}},"16":{"start":{"line":168,"column":27},"end":{"line":172,"column":1}}},"fnMap":{},"branchMap":{},"s":{"0":1,"1":1,"2":1,"3":1,"4":1,"5":1,"6":1,"7":1,"8":1,"9":1,"10":1,"11":1,"12":1,"13":1,"14":1,"15":1,"16":1},"f":{},"b":{},"meta":{"lastBranch":0,"lastFunction":0,"lastStatement":17,"seen":{"s:5:27:12:1":0,"s:14:25:18:1":1,"s:20:27:25:1":2,"s:27:28:31:1":3,"s:33:25:47:1":4,"s:49:29:75:1":5,"s:77:23:83:1":6,"s:85:21:90:1":7,"s:92:24:100:1":8,"s:102:25:118:1":9,"s:120:29:123:1":10,"s:125:26:131:1":11,"s:134:28:140:1":12,"s:142:24:147:1":13,"s:149:28:157:1":14,"s:159:24:166:1":15,"s:168:27:172:1":16}}}
,"C:\\Users\\offic\\OneDrive\\Documents\\AutoExpress\\auto-express-pro\\src\\styles\\pages\\Home.js": {"path":"C:\\Users\\offic\\OneDrive\\Documents\\AutoExpress\\auto-express-pro\\src\\styles\\pages\\Home.js","statementMap":{"0":{"start":{"line":6,"column":27},"end":{"line":41,"column":1}},"1":{"start":{"line":43,"column":25},"end":{"line":45,"column":1}},"2":{"start":{"line":48,"column":25},"end":{"line":70,"column":1}},"3":{"start":{"line":72,"column":27},"end":{"line":75,"column":1}},"4":{"start":{"line":77,"column":24},"end":{"line":102,"column":1}},"5":{"start":{"line":104,"column":34},"end":{"line":124,"column":1}},"6":{"start":{"line":126,"column":28},"end":{"line":139,"column":1}},"7":{"start":{"line":142,"column":31},"end":{"line":147,"column":1}},"8":{"start":{"line":149,"column":26},"end":{"line":210,"column":1}},"9":{"start":{"line":168,"column":32},"end":{"line":168,"column":46}},"10":{"start":{"line":213,"column":19},"end":{"line":230,"column":1}},"11":{"start":{"line":232,"column":24},"end":{"line":241,"column":1}},"12":{"start":{"line":235,"column":35},"end":{"line":235,"column":45}},"13":{"start":{"line":243,"column":23},"end":{"line":251,"column":1}},"14":{"start":{"line":253,"column":24},"end":{"line":258,"column":1}},"15":{"start":{"line":260,"column":23},"end":{"line":270,"column":1}}},"fnMap":{"0":{"name":"(anonymous_0)","decl":{"start":{"line":168,"column":23},"end":{"line":168,"column":28}},"loc":{"start":{"line":168,"column":32},"end":{"line":168,"column":46}},"line":168},"1":{"name":"(anonymous_1)","decl":{"start":{"line":235,"column":26},"end":{"line":235,"column":31}},"loc":{"start":{"line":235,"column":35},"end":{"line":235,"column":45}},"line":235}},"branchMap":{},"s":{"0":1,"1":1,"2":1,"3":1,"4":1,"5":1,"6":1,"7":1,"8":1,"9":8,"10":1,"11":1,"12":7,"13":1,"14":1,"15":1},"f":{"0":8,"1":7},"b":{},"meta":{"lastBranch":0,"lastFunction":2,"lastStatement":16,"seen":{"s:6:27:41:1":0,"s:43:25:45:1":1,"s:48:25:70:1":2,"s:72:27:75:1":3,"s:77:24:102:1":4,"s:104:34:124:1":5,"s:126:28:139:1":6,"s:142:31:147:1":7,"s:149:26:210:1":8,"f:168:23:168:28":0,"s:168:32:168:46":9,"s:213:19:230:1":10,"s:232:24:241:1":11,"f:235:26:235:31":1,"s:235:35:235:45":12,"s:243:23:251:1":13,"s:253:24:258:1":14,"s:260:23:270:1":15}}}
}
